12.10.2021 17:25:39	, документ=614162689000211978	, товар=614162702000294979	, тип расчёта=Default	, тип документа=0	, цена = 114800	, матрикс = 010290000066650421Jsid2E"4oh2=D91002a92/1tPzrragHUbOA+cq0FIp54OZZF6GcVCJhA9W6Mnb7W6LvZEn9r9thrj+HsBFpqyH/zl5Ri6pXxF3HTwjuWeKG==
12.10.2021 17:38:00	, документ=614163446000259096	, товар=614163450000293097	, тип расчёта=Default	, тип документа=0	, цена = 114800	, матрикс = 010290000066650421Jsid2E"4oh2=D91002a92/1tPzrragHUbOA+cq0FIp54OZZF6GcVCJhA9W6Mnb7W6LvZEn9r9thrj+HsBFpqyH/zl5Ri6pXxF3HTwjuWeKG==
12.10.2021 17:40:41	, документ=614163614000263140	, товар=614163619000206141	, тип расчёта=Default	, тип документа=0	, цена = 114800	, матрикс = 010290000066650421Jsid2E"4oh2=D91002a92/1tPzrragHUbOA+cq0FIp54OZZF6GcVCJhA9W6Mnb7W6LvZEn9r9thrj+HsBFpqyH/zl5Ri6pXxF3HTwjuWeKG==
12.10.2021 17:41:30	, документ=614163647000227153	, товар=614163651000251158	, тип расчёта=Default	, тип документа=0	, цена = 114800	, матрикс = 010290000066650421Jsid2E"4oh2=D91002a92/1tPzrragHUbOA+cq0FIp54OZZF6GcVCJhA9W6Mnb7W6LvZEn9r9thrj+HsBFpqyH/zl5Ri6pXxF3HTwjuWeKG==
12.10.2021 18:00:18	, документ=614164617000263226	, товар=614164621000218227	, тип расчёта=Default	, тип документа=0	, цена = 114800	, матрикс = 010290000066650421Jsid2E"4oh2=D91002a92/1tPzrragHUbOA+cq0FIp54OZZF6GcVCJhA9W6Mnb7W6LvZEn9r9thrj+HsBFpqyH/zl5Ri6pXxF3HTwjuWeKG==
12.10.2021 18:04:44	, документ=614165058000222247	, товар=614165065000257248	, тип расчёта=Default	, тип документа=0	, цена = 114800	, матрикс = 010290000066650421Jsid2E"4oh2=D91002a92/1tPzrragHUbOA+cq0FIp54OZZF6GcVCJhA9W6Mnb7W6LvZEn9r9thrj+HsBFpqyH/zl5Ri6pXxF3HTwjuWeKG==
13.10.2021 10:13:05	, документ=614236664000284352	, товар=614236710000256354	, тип расчёта=Default	, тип документа=0	, цена = 114800	, матрикс = 010466002994402821iAkSeQOPDRqYX240640391ffd0924uZxPRfSOH8/plHHwPeON0xVLmfd9pjdfwHFRM782HCLItH3Hb0YbJDAwRIPY4KZMTcOe0z733k9tgw2OqmkMg==
13.10.2021 10:22:34	, документ=614237317000232366	, товар=614237328000288367	, тип расчёта=Default	, тип документа=0	, цена = 114800	, матрикс = 010466002994880421%5morUpj;g5=p91003A929wqhe90Fgi2gOEaCkt48yo+LM6A5VSfPBcyeKai0sscokQXkdAA4nTcuuD/ARL7LMTWDe0RmCeesvbKv7gZiPg==
13.10.2021 16:11:55	, документ=614258196000225435	, товар=614258264000293436	, тип расчёта=Default	, тип документа=0	, цена = 114800	, матрикс = 010463006598741921S/I*2VOQdE%F%91003A92bQewaId0Du3RLl+6oNHSVqvqpm4e+jQMU9u1FHztHbZf9QCySBUPgBA4pbiiUzCYDytwkUmO99IK0pyE5/kolQ==
13.10.2021 16:33:54	, документ=614258487000251450	, товар=614258501000258451	, тип расчёта=Default	, тип документа=0	, цена = 114800	, матрикс = 010463006598741921S/I*2VOQdE%F%91003A92bQewaId0Du3RLl+6oNHSVqvqpm4e+jQMU9u1FHztHbZf9QCySBUPgBA4pbiiUzCYDytwkUmO99IK0pyE5/kolQ==
13.10.2021 22:14:33	, документ=614279970000225561	, товар=614279977000297562	, тип расчёта=Default	, тип документа=0	, цена = 114800	, матрикс = FNC1010465007519014221dXGS91)8023
14.10.2021 1:07:55	, документ=614302101000264590	, товар=614302125000248591	, тип расчёта=Default	, тип документа=0	, цена = 114800	, матрикс = b.	010463006598741921S/I*2VOQdE%F%91003A92bQewaId0Du3RLl+6oNHSVqvqpm4e+jQMU9u1FHztHbZf9QCySBUPgBA4pbiiUzCYDytwkUmO99IK0pyE5/kolQ==
14.10.2021 17:40:00	, документ=614363528000272012	, товар=614363535000222013	, тип расчёта=Default	, тип документа=0	, цена = 114800	, матрикс = b.	010463006598741921S/I*2VOQdE%F%91003A92bQewaId0Du3RLl+6oNHSVqvqpm4e+jQMU9u1FHztHbZf9QCySBUPgBA4pbiiUzCYDytwkUmO99IK0pyE5/kolQ==
14.10.2021 23:23:14	, документ=614384032000237146	, товар=614384047000224147	, тип расчёта=Default	, тип документа=0	, цена = 64800	, матрикс = 010290000066650421Jsid2E"4oh2=D91002a92/1tPzrragHUbOA+cq0FIp54OZZF6GcVCJhA9W6Mnb7W6LvZEn9r9thrj+HsBFpqyH/zl5Ri6pXxF3HTwjuWeKG==
15.10.2021 16:41:28	, документ=614460021000258448	, товар=614460059000293450	, тип расчёта=Default	, тип документа=0	, цена = 114800	, матрикс = 010463006598741921S/I*2VOQdE%F%91003A92bQewaId0Du3RLl+6oNHSVqvqpm4e+jQMU9u1FHztHbZf9QCySBUPgBA4pbiiUzCYDytwkUmO99IK0pyE5/kolQ==
15.10.2021 16:42:42	, документ=614460110000202462	, товар=614460144000219463	, тип расчёта=Default	, тип документа=0	, цена = 114800	, матрикс = 010463006598741921S/I*2VOQdE%F%91003A92bQewaId0Du3RLl+6oNHSVqvqpm4e+jQMU9u1FHztHbZf9QCySBUPgBA4pbiiUzCYDytwkUmO99IK0pyE5/kolQ==
15.10.2021 16:52:15	, документ=614460609000280492	, товар=614460714000212493	, тип расчёта=Default	, тип документа=0	, цена = 114800	, матрикс = b.	010463006598741921S/I*2VOQdE%F%91003A92bQewaId0Du3RLl+6oNHSVqvqpm4e+jQMU9u1FHztHbZf9QCySBUPgBA4pbiiUzCYDytwkUmO99IK0pyE5/kolQ==
15.10.2021 16:52:51	, документ=614460744000223503	, товар=614460752000262506	, тип расчёта=Default	, тип документа=0	, цена = 114800	, матрикс = 010463006598741921S/I*2VOQdE%F%91003A92bQewaId0Du3RLl+6oNHSVqvqpm4e+jQMU9u1FHztHbZf9QCySBUPgBA4pbiiUzCYDytwkUmO99IK0pyE5/kolQ==
15.10.2021 16:55:20	, документ=614460833000256518	, товар=614460897000246522	, тип расчёта=Default	, тип документа=0	, цена = 114800	, матрикс = 010463006598741921S/I*2VOQdE%F%91003A92bQewaId0Du3RLl+6oNHSVqvqpm4e+jQMU9u1FHztHbZf9QCySBUPgBA4pbiiUzCYDytwkUmO99IK0pyE5/kolQ==
18.10.2021 11:09:35	, документ=614739936000227259	, товар=614740084000295264	, тип расчёта=Default	, тип документа=0	, цена = 114800	, матрикс = 010463006598741921S/I*2VOQdE%F%91003A92bQewaId0Du3RLl+6oNHSVqvqpm4e+jQMU9u1FHztHbZf9QCySBUPgBA4pbiiUzCYDytwkUmO99IK0pyE5/kolQ==
27.11.2021 17:55:43	, документ=618764288000288401	, товар=618764429000202402	, тип расчёта=Default	, тип документа=0	, цена = 114800	, матрикс = 010290000066650421Jsid2E"4oh2=D91002a92/1tPzrragHUbOA+cq0FIp54OZZF6GcVCJhA9W6Mnb7W6LvZEn9r9thrj+HsBFpqyH/zl5Ri6pXxF3HTwjuWeKG==
28.11.2021 13:15:00	, документ=618847559000251484	, товар=618847571000238485	, тип расчёта=Default	, тип документа=0	, цена = 114800	, матрикс = 010290000066650421Jsid2E"4oh2=D91002a92/1tPzrragHUbOA+cq0FIp54OZZF6GcVCJhA9W6Mnb7W6LvZEn9r9thrj+HsBFpqyH/zl5Ri6pXxF3HTwjuWeKG==
28.11.2021 13:24:49	, документ=618848109000207499	, товар=618848114000299500	, тип расчёта=Default	, тип документа=0	, цена = 114800	, матрикс = 010290000066650421Jsid2E"4oh2=D91002a92/1tPzrragHUbOA+cq0FIp54OZZF6GcVCJhA9W6Mnb7W6LvZEn9r9thrj+HsBFpqyH/zl5Ri6pXxF3HTwjuWeKG==
28.11.2021 13:29:52	, документ=618848478000277515	, товар=618848483000292516	, тип расчёта=Default	, тип документа=0	, цена = 114800	, матрикс = 010290000066650421Jsid2E"4oh2=D91002a92/1tPzrragHUbOA+cq0FIp54OZZF6GcVCJhA9W6Mnb7W6LvZEn9r9thrj+HsBFpqyH/zl5Ri6pXxF3HTwjuWeKG==
28.11.2021 13:46:51	, документ=618849487000242529	, товар=618849496000230530	, тип расчёта=Default	, тип документа=0	, цена = 114800	, матрикс = 010290000066650421Jsid2E"4oh2=D91002a92/1tPzrragHUbOA+cq0FIp54OZZF6GcVCJhA9W6Mnb7W6LvZEn9r9thrj+HsBFpqyH/zl5Ri6pXxF3HTwjuWeKG==
28.11.2021 13:50:52	, документ=618849713000281542	, товар=618849726000250543	, тип расчёта=Default	, тип документа=0	, цена = 114800	, матрикс = 010290000066650421Jsid2E"4oh2=D91002a92/1tPzrragHUbOA+cq0FIp54OZZF6GcVCJhA9W6Mnb7W6LvZEn9r9thrj+HsBFpqyH/zl5Ri6pXxF3HTwjuWeKG==
28.11.2021 14:03:48	, документ=618850450000293563	, товар=618850465000279564	, тип расчёта=Default	, тип документа=0	, цена = 114800	, матрикс = 010460512600488621esVm29mLd7TPC#1D91EE06#1D92tmntxjNCK9rdJIvQkfz+thgLfnSrCpg4qdaoHMWGMgU=
28.11.2021 14:26:34	, документ=618851874000293578	, товар=618851879000266579	, тип расчёта=Default	, тип документа=0	, цена = 114800	, матрикс = 010290000141851521%u<jPSO7GBM<S91802992OaU9JZK+6kcvgrR6hGpUTBkXWcZNAkfSWb1U+aIhi0u8+pw6bZnPb/GGq10Q72xXG8dDOMF65Q4SaUspsylcJw==
28.11.2021 14:31:10	, документ=618852163000226600	, товар=618852168000207601	, тип расчёта=Default	, тип документа=0	, цена = 114800	, матрикс = 010290000141851521%u<jPSO7GBM<S91802992OaU9JZK+6kcvgrR6hGpUTBkXWcZNAkfSWb1U+aIhi0u8+pw6bZnPb/GGq10Q72xXG8dDOMF65Q4SaUspsylcJw==
28.11.2021 14:33:52	, документ=618852273000244615	, товар=618852308000230616	, тип расчёта=Default	, тип документа=0	, цена = 114800	, матрикс = 010290000141851521%u<jPSO7GBM<S91802992OaU9JZK+6kcvgrR6hGpUTBkXWcZNAkfSWb1U+aIhi0u8+pw6bZnPb/GGq10Q72xXG8dDOMF65Q4SaUspsylcJw==
28.11.2021 14:37:43	, документ=618852526000238630	, товар=618852541000259631	, тип расчёта=Default	, тип документа=0	, цена = 114800	, матрикс = 010290000141851521%u<jPSO7GBM<S91802992OaU9JZK+6kcvgrR6hGpUTBkXWcZNAkfSWb1U+aIhi0u8+pw6bZnPb/GGq10Q72xXG8dDOMF65Q4SaUspsylcJw==
28.11.2021 14:40:39	, документ=618852704000278651	, товар=618852708000245652	, тип расчёта=Default	, тип документа=0	, цена = 114800	, матрикс = 010290000141851521%u<jPSO7GBM<S91802992OaU9JZK+6kcvgrR6hGpUTBkXWcZNAkfSWb1U+aIhi0u8+pw6bZnPb/GGq10Q72xXG8dDOMF65Q4SaUspsylcJw==
28.11.2021 14:43:55	, документ=618852905000271666	, товар=618852913000212667	, тип расчёта=Default	, тип документа=0	, цена = 114800	, матрикс = 010290000141851521%u<jPSO7GBM<S91802992OaU9JZK+6kcvgrR6hGpUTBkXWcZNAkfSWb1U+aIhi0u8+pw6bZnPb/GGq10Q72xXG8dDOMF65Q4SaUspsylcJw==
28.11.2021 14:49:35	, документ=618853240000209681	, товар=618853243000297682	, тип расчёта=Default	, тип документа=0	, цена = 114800	, матрикс = 010290000141851521%u<jPSO7GBM<S91802992OaU9JZK+6kcvgrR6hGpUTBkXWcZNAkfSWb1U+aIhi0u8+pw6bZnPb/GGq10Q72xXG8dDOMF65Q4SaUspsylcJw==
28.11.2021 15:11:49	, документ=618854596000237698	, товар=618854603000207699	, тип расчёта=Default	, тип документа=0	, цена = 114800	, матрикс = 010290000141851521%u<jPSO7GBM<S91802992OaU9JZK+6kcvgrR6hGpUTBkXWcZNAkfSWb1U+aIhi0u8+pw6bZnPb/GGq10Q72xXG8dDOMF65Q4SaUspsylcJw==
28.11.2021 15:27:01	, документ=618855500000240714	, товар=618855504000246715	, тип расчёта=Default	, тип документа=0	, цена = 114800	, матрикс = 010290000141851521%u<jPSO7GBM<S91802992OaU9JZK+6kcvgrR6hGpUTBkXWcZNAkfSWb1U+aIhi0u8+pw6bZnPb/GGq10Q72xXG8dDOMF65Q4SaUspsylcJw==
28.11.2021 15:33:33	, документ=618855893000280729	, товар=618855898000285730	, тип расчёта=Default	, тип документа=0	, цена = 114800	, матрикс = 010290000141851521%u<jPSO7GBM<S91802992OaU9JZK+6kcvgrR6hGpUTBkXWcZNAkfSWb1U+aIhi0u8+pw6bZnPb/GGq10Q72xXG8dDOMF65Q4SaUspsylcJw==
28.11.2021 15:36:24	, документ=618856073000266744	, товар=618856077000288745	, тип расчёта=Default	, тип документа=0	, цена = 114800	, матрикс = 010290000141851521%u<jPSO7GBM<S91802992OaU9JZK+6kcvgrR6hGpUTBkXWcZNAkfSWb1U+aIhi0u8+pw6bZnPb/GGq10Q72xXG8dDOMF65Q4SaUspsylcJw==
28.11.2021 15:47:40	, документ=618856755000245760	, товар=618856758000277761	, тип расчёта=Default	, тип документа=0	, цена = 114800	, матрикс = 010290000141851521%u<jPSO7GBM<S91802992OaU9JZK+6kcvgrR6hGpUTBkXWcZNAkfSWb1U+aIhi0u8+pw6bZnPb/GGq10Q72xXG8dDOMF65Q4SaUspsylcJw==
28.11.2021 15:52:12	, документ=618857027000286775	, товар=618857031000229776	, тип расчёта=Default	, тип документа=0	, цена = 114800	, матрикс = 010290000141851521%u<jPSO7GBM<S91802992OaU9JZK+6kcvgrR6hGpUTBkXWcZNAkfSWb1U+aIhi0u8+pw6bZnPb/GGq10Q72xXG8dDOMF65Q4SaUspsylcJw==
28.11.2021 15:54:35	, документ=618857156000229790	, товар=618857165000220791	, тип расчёта=Default	, тип документа=0	, цена = 114800	, матрикс = 010290000141851521%u<jPSO7GBM<S91802992OaU9JZK+6kcvgrR6hGpUTBkXWcZNAkfSWb1U+aIhi0u8+pw6bZnPb/GGq10Q72xXG8dDOMF65Q4SaUspsylcJw==
28.11.2021 15:55:55	, документ=618857251000267806	, товар=618857255000229807	, тип расчёта=Default	, тип документа=0	, цена = 114800	, матрикс = 010290000141851521%u<jPSO7GBM<S91802992OaU9JZK+6kcvgrR6hGpUTBkXWcZNAkfSWb1U+aIhi0u8+pw6bZnPb/GGq10Q72xXG8dDOMF65Q4SaUspsylcJw==
28.11.2021 16:13:51	, документ=618858312000249822	, товар=618858316000243823	, тип расчёта=Default	, тип документа=0	, цена = 114800	, матрикс = 010290000141851521%u<jPSO7GBM<S91802992OaU9JZK+6kcvgrR6hGpUTBkXWcZNAkfSWb1U+aIhi0u8+pw6bZnPb/GGq10Q72xXG8dDOMF65Q4SaUspsylcJw==
28.11.2021 16:19:40	, документ=618858667000249837	, товар=618858673000261838	, тип расчёта=Default	, тип документа=0	, цена = 114800	, матрикс = 010290000141851521%u<jPSO7GBM<S91802992OaU9JZK+6kcvgrR6hGpUTBkXWcZNAkfSWb1U+aIhi0u8+pw6bZnPb/GGq10Q72xXG8dDOMF65Q4SaUspsylcJw==
28.11.2021 16:35:00	, документ=618859590000214853	, товар=618859595000236854	, тип расчёта=Default	, тип документа=0	, цена = 114800	, матрикс = 010290000141851521%u<jPSO7GBM<S91802992OaU9JZK+6kcvgrR6hGpUTBkXWcZNAkfSWb1U+aIhi0u8+pw6bZnPb/GGq10Q72xXG8dDOMF65Q4SaUspsylcJw==
28.11.2021 16:36:40	, документ=618859693000235868	, товар=618859697000202869	, тип расчёта=Default	, тип документа=0	, цена = 114800	, матрикс = 010290000141851521%u<jPSO7GBM<S91802992OaU9JZK+6kcvgrR6hGpUTBkXWcZNAkfSWb1U+aIhi0u8+pw6bZnPb/GGq10Q72xXG8dDOMF65Q4SaUspsylcJw==
28.11.2021 16:48:10	, документ=618860379000214884	, товар=618860383000218885	, тип расчёта=Default	, тип документа=0	, цена = 114800	, матрикс = 010290000141851521%u<jPSO7GBM<S91802992OaU9JZK+6kcvgrR6hGpUTBkXWcZNAkfSWb1U+aIhi0u8+pw6bZnPb/GGq10Q72xXG8dDOMF65Q4SaUspsylcJw==
28.11.2021 16:50:23	, документ=618860515000261899	, товар=618860521000275900	, тип расчёта=Default	, тип документа=0	, цена = 114800	, матрикс = 010290000141851521%u<jPSO7GBM<S91802992OaU9JZK+6kcvgrR6hGpUTBkXWcZNAkfSWb1U+aIhi0u8+pw6bZnPb/GGq10Q72xXG8dDOMF65Q4SaUspsylcJw==
28.11.2021 16:58:08	, документ=618860981000221915	, товар=618860985000233916	, тип расчёта=Default	, тип документа=0	, цена = 114800	, матрикс = 010290000141851521%u<jPSO7GBM<S91802992OaU9JZK+6kcvgrR6hGpUTBkXWcZNAkfSWb1U+aIhi0u8+pw6bZnPb/GGq10Q72xXG8dDOMF65Q4SaUspsylcJw==
28.11.2021 16:59:33	, документ=618861070000245930	, товар=618861073000253931	, тип расчёта=Default	, тип документа=0	, цена = 114800	, матрикс = 010290000141851521%u<jPSO7GBM<S91802992OaU9JZK+6kcvgrR6hGpUTBkXWcZNAkfSWb1U+aIhi0u8+pw6bZnPb/GGq10Q72xXG8dDOMF65Q4SaUspsylcJw==
28.11.2021 17:09:36	, документ=618861660000276945	, товар=618861664000287946	, тип расчёта=Default	, тип документа=0	, цена = 114800	, матрикс = 010290000141851521%u<jPSO7GBM<S91802992OaU9JZK+6kcvgrR6hGpUTBkXWcZNAkfSWb1U+aIhi0u8+pw6bZnPb/GGq10Q72xXG8dDOMF65Q4SaUspsylcJw==
28.11.2021 17:11:39	, документ=618861794000288961	, товар=618861800000230962	, тип расчёта=Default	, тип документа=0	, цена = 114800	, матрикс = 010290000141851521%u<jPSO7GBM<S91802992OaU9JZK+6kcvgrR6hGpUTBkXWcZNAkfSWb1U+aIhi0u8+pw6bZnPb/GGq10Q72xXG8dDOMF65Q4SaUspsylcJw==
28.11.2021 17:15:29	, документ=618862023000235976	, товар=618862027000293977	, тип расчёта=Default	, тип документа=0	, цена = 114800	, матрикс = 010290000141851521%u<jPSO7GBM<S91802992OaU9JZK+6kcvgrR6hGpUTBkXWcZNAkfSWb1U+aIhi0u8+pw6bZnPb/GGq10Q72xXG8dDOMF65Q4SaUspsylcJw==
28.11.2021 17:29:03	, документ=618862834000287992	, товар=618862839000272993	, тип расчёта=Default	, тип документа=0	, цена = 114800	, матрикс = 010290000141851521%u<jPSO7GBM<S91802992OaU9JZK+6kcvgrR6hGpUTBkXWcZNAkfSWb1U+aIhi0u8+pw6bZnPb/GGq10Q72xXG8dDOMF65Q4SaUspsylcJw==
28.11.2021 17:31:55	, документ=618862952000270007	, товар=618862957000239008	, тип расчёта=Default	, тип документа=0	, цена = 114800	, матрикс = 010290000141851521%u<jPSO7GBM<S91802992OaU9JZK+6kcvgrR6hGpUTBkXWcZNAkfSWb1U+aIhi0u8+pw6bZnPb/GGq10Q72xXG8dDOMF65Q4SaUspsylcJw==
28.11.2021 18:47:18	, документ=618867468000207205	, товар=618867472000257206	, тип расчёта=Default	, тип документа=0	, цена = 114800	, матрикс = 010290000141851521%u<jPSO7GBM<S91802992OaU9JZK+6kcvgrR6hGpUTBkXWcZNAkfSWb1U+aIhi0u8+pw6bZnPb/GGq10Q72xXG8dDOMF65Q4SaUspsylcJw==
28.11.2021 18:53:38	, документ=618867905000276220	, товар=618867910000228221	, тип расчёта=Default	, тип документа=0	, цена = 114800	, матрикс = 010290000141851521%u<jPSO7GBM<S91802992OaU9JZK+6kcvgrR6hGpUTBkXWcZNAkfSWb1U+aIhi0u8+pw6bZnPb/GGq10Q72xXG8dDOMF65Q4SaUspsylcJw==
